# JRE version: OpenJDK Runtime Environment Temurin-17.0.16+8 (17.0.16+8) (build 17.0.16+8)
# Java VM: OpenJDK 64-Bit Server VM Temurin-17.0.16+8 (17.0.16+8, mixed mode, sharing, tiered, compressed oops, compressed class ptrs, g1 gc, windows-amd64)
GC Precious Log:
 CPUs: 12 total, 12 available
 Memory: 15710M
 Large Page Support: Disabled
 NUMA Support: Disabled
 Compressed Oops: Enabled (Zero based)
 Heap Region Size: 2M
 Heap Min Capacity: 8M
 Heap Initial Capacity: 246M
 Heap Max Capacity: 4G
 Pre-touch: Disabled
 Parallel Workers: 10
 Concurrent Workers: 3
 Concurrent Refinement Workers: 10
 Periodic GC: Disabled
Heap:
 garbage-first heap   total 495616K, used 418869K [0x0000000700000000, 0x0000000800000000)
  region size 2048K, 28 young (57344K), 5 survivors (10240K)
 Metaspace       used 156742K, committed 158144K, reserved 1245184K
  class space    used 20933K, committed 21632K, reserved 1048576K
GC Heap History (20 events):
Event: 83.459 GC heap before
{Heap before GC invocations=45 (full 0):
 garbage-first heap   total 411648K, used 339673K [0x0000000700000000, 0x0000000800000000)
  region size 2048K, 16 young (32768K), 3 survivors (6144K)
 Metaspace       used 154129K, committed 155584K, reserved 1245184K
  class space    used 20589K, committed 21312K, reserved 1048576K
}
Event: 83.466 GC heap after
{Heap after GC invocations=46 (full 0):
 garbage-first heap   total 411648K, used 314695K [0x0000000700000000, 0x0000000800000000)
  region size 2048K, 1 young (2048K), 1 survivors (2048K)
 Metaspace       used 154129K, committed 155584K, reserved 1245184K
  class space    used 20589K, committed 21312K, reserved 1048576K
}
Event: 84.834 GC heap before
{Heap before GC invocations=46 (full 0):
 garbage-first heap   total 411648K, used 343367K [0x0000000700000000, 0x0000000800000000)
  region size 2048K, 15 young (30720K), 1 survivors (2048K)
 Metaspace       used 154824K, committed 156288K, reserved 1245184K
  class space    used 20706K, committed 21440K, reserved 1048576K
}
Event: 84.841 GC heap after
{Heap after GC invocations=47 (full 0):
 garbage-first heap   total 411648K, used 319255K [0x0000000700000000, 0x0000000800000000)
  region size 2048K, 2 young (4096K), 2 survivors (4096K)
 Metaspace       used 154824K, committed 156288K, reserved 1245184K
  class space    used 20706K, committed 21440K, reserved 1048576K
}
Event: 85.277 GC heap before
{Heap before GC invocations=47 (full 0):
 garbage-first heap   total 411648K, used 347927K [0x0000000700000000, 0x0000000800000000)
  region size 2048K, 16 young (32768K), 2 survivors (4096K)
 Metaspace       used 155396K, committed 156864K, reserved 1245184K
  class space    used 20783K, committed 21504K, reserved 1048576K
}
Event: 85.284 GC heap after
{Heap after GC invocations=48 (full 0):
 garbage-first heap   total 411648K, used 321671K [0x0000000700000000, 0x0000000800000000)
  region size 2048K, 2 young (4096K), 2 survivors (4096K)
 Metaspace       used 155396K, committed 156864K, reserved 1245184K
  class space    used 20783K, committed 21504K, reserved 1048576K
}
Event: 85.876 GC heap before
{Heap before GC invocations=48 (full 0):
 garbage-first heap   total 411648K, used 348295K [0x0000000700000000, 0x0000000800000000)
  region size 2048K, 15 young (30720K), 2 survivors (4096K)
 Metaspace       used 155674K, committed 157120K, reserved 1245184K
  class space    used 20814K, committed 21504K, reserved 1048576K
}
Event: 85.883 GC heap after
{Heap after GC invocations=49 (full 0):
 garbage-first heap   total 411648K, used 324337K [0x0000000700000000, 0x0000000800000000)
  region size 2048K, 2 young (4096K), 2 survivors (4096K)
 Metaspace       used 155674K, committed 157120K, reserved 1245184K
  class space    used 20814K, committed 21504K, reserved 1048576K
}
Event: 86.553 GC heap before
{Heap before GC invocations=49 (full 0):
 garbage-first heap   total 411648K, used 355057K [0x0000000700000000, 0x0000000800000000)
  region size 2048K, 15 young (30720K), 2 survivors (4096K)
 Metaspace       used 155682K, committed 157120K, reserved 1245184K
  class space    used 20814K, committed 21504K, reserved 1048576K
}
Event: 86.564 GC heap after
{Heap after GC invocations=50 (full 0):
 garbage-first heap   total 411648K, used 328933K [0x0000000700000000, 0x0000000800000000)
  region size 2048K, 2 young (4096K), 2 survivors (4096K)
 Metaspace       used 155682K, committed 157120K, reserved 1245184K
  class space    used 20814K, committed 21504K, reserved 1048576K
}
Event: 87.639 GC heap before
{Heap before GC invocations=50 (full 0):
 garbage-first heap   total 411648K, used 353509K [0x0000000700000000, 0x0000000800000000)
  region size 2048K, 14 young (28672K), 2 survivors (4096K)
 Metaspace       used 155889K, committed 157376K, reserved 1245184K
  class space    used 20841K, committed 21568K, reserved 1048576K
}
Event: 87.649 GC heap after
{Heap after GC invocations=51 (full 0):
 garbage-first heap   total 411648K, used 333512K [0x0000000700000000, 0x0000000800000000)
  region size 2048K, 2 young (4096K), 2 survivors (4096K)
 Metaspace       used 155889K, committed 157376K, reserved 1245184K
  class space    used 20841K, committed 21568K, reserved 1048576K
}
Event: 87.986 GC heap before
{Heap before GC invocations=51 (full 0):
 garbage-first heap   total 411648K, used 356040K [0x0000000700000000, 0x0000000800000000)
  region size 2048K, 13 young (26624K), 2 survivors (4096K)
 Metaspace       used 156007K, committed 157440K, reserved 1245184K
  class space    used 20847K, committed 21568K, reserved 1048576K
}
Event: 87.990 GC heap after
{Heap after GC invocations=52 (full 0):
 garbage-first heap   total 411648K, used 338310K [0x0000000700000000, 0x0000000800000000)
  region size 2048K, 2 young (4096K), 2 survivors (4096K)
 Metaspace       used 156007K, committed 157440K, reserved 1245184K
  class space    used 20847K, committed 21568K, reserved 1048576K
}
Event: 88.073 GC heap before
{Heap before GC invocations=52 (full 0):
 garbage-first heap   total 411648K, used 356742K [0x0000000700000000, 0x0000000800000000)
  region size 2048K, 11 young (22528K), 2 survivors (4096K)
 Metaspace       used 156011K, committed 157440K, reserved 1245184K
  class space    used 20847K, committed 21568K, reserved 1048576K
}
Event: 88.078 GC heap after
{Heap after GC invocations=53 (full 0):
 garbage-first heap   total 411648K, used 339446K [0x0000000700000000, 0x0000000800000000)
  region size 2048K, 1 young (2048K), 1 survivors (2048K)
 Metaspace       used 156011K, committed 157440K, reserved 1245184K
  class space    used 20847K, committed 21568K, reserved 1048576K
}
Event: 88.940 GC heap before
{Heap before GC invocations=53 (full 0):
 garbage-first heap   total 411648K, used 357878K [0x0000000700000000, 0x0000000800000000)
  region size 2048K, 10 young (20480K), 1 survivors (2048K)
 Metaspace       used 156383K, committed 157824K, reserved 1245184K
  class space    used 20896K, committed 21632K, reserved 1048576K
}
Event: 88.946 GC heap after
{Heap after GC invocations=54 (full 0):
 garbage-first heap   total 495616K, used 341571K [0x0000000700000000, 0x0000000800000000)
  region size 2048K, 2 young (4096K), 2 survivors (4096K)
 Metaspace       used 156383K, committed 157824K, reserved 1245184K
  class space    used 20896K, committed 21632K, reserved 1048576K
}
Event: 90.285 GC heap before
{Heap before GC invocations=54 (full 0):
 garbage-first heap   total 495616K, used 421443K [0x0000000700000000, 0x0000000800000000)
  region size 2048K, 40 young (81920K), 2 survivors (4096K)
 Metaspace       used 156679K, committed 158144K, reserved 1245184K
  class space    used 20933K, committed 21632K, reserved 1048576K
}
Event: 90.297 GC heap after
{Heap after GC invocations=55 (full 0):
 garbage-first heap   total 495616K, used 363573K [0x0000000700000000, 0x0000000800000000)
  region size 2048K, 5 young (10240K), 5 survivors (10240K)
 Metaspace       used 156679K, committed 158144K, reserved 1245184K
  class space    used 20933K, committed 21632K, reserved 1048576K
}

